# JRE version: Java(TM) SE Runtime Environment (19.0.2+7) (build 19.0.2+7-44)
# Java VM: Java HotSpot(TM) 64-Bit Server VM (19.0.2+7-44, mixed mode, sharing, tiered, compressed oops, compressed class ptrs, g1 gc, windows-amd64)
GC Precious Log:
 CardTable entry size: 512
 Card Set container configuration: InlinePtr #cards 5 size 8 Array Of Cards #cards 12 size 40 Howl #buckets 4 coarsen threshold 1843 Howl Bitmap #cards 512 size 80 coarsen threshold 460 Card regions per heap region 1 cards per card region 2048
 CPUs: 4 total, 4 available
 Memory: 3977M
 Large Page Support: Disabled
 NUMA Support: Disabled
 Compressed Oops: Enabled (32-bit)
 Heap Region Size: 1M
 Heap Min Capacity: 8M
 Heap Initial Capacity: 64M
 Heap Max Capacity: 996M
 Pre-touch: Disabled
 Parallel Workers: 4
 Concurrent Workers: 1
 Concurrent Refinement Workers: 4
 Periodic GC: Disabled
Heap:
 garbage-first heap   total 65536K, used 27340K [0x00000000c1c00000, 0x0000000100000000)
  region size 1024K, 3 young (3072K), 2 survivors (2048K)
 Metaspace       used 21287K, committed 21568K, reserved 1114112K
  class space    used 2633K, committed 2752K, reserved 1048576K
GC Heap History (10 events):
Event: 7.160 GC heap before
{Heap before GC invocations=0 (full 0):
 garbage-first heap   total 65536K, used 14336K [0x00000000c1c00000, 0x0000000100000000)
  region size 1024K, 13 young (13312K), 0 survivors (0K)
 Metaspace       used 2533K, committed 2688K, reserved 1114112K
  class space    used 242K, committed 320K, reserved 1048576K
}
Event: 7.171 GC heap after
{Heap after GC invocations=1 (full 0):
 garbage-first heap   total 65536K, used 6453K [0x00000000c1c00000, 0x0000000100000000)
  region size 1024K, 2 young (2048K), 2 survivors (2048K)
 Metaspace       used 2533K, committed 2688K, reserved 1114112K
  class space    used 242K, committed 320K, reserved 1048576K
}
Event: 9.483 GC heap before
{Heap before GC invocations=1 (full 0):
 garbage-first heap   total 65536K, used 16693K [0x00000000c1c00000, 0x0000000100000000)
  region size 1024K, 13 young (13312K), 2 survivors (2048K)
 Metaspace       used 6189K, committed 6400K, reserved 1114112K
  class space    used 710K, committed 768K, reserved 1048576K
}
Event: 9.495 GC heap after
{Heap after GC invocations=2 (full 0):
 garbage-first heap   total 65536K, used 7815K [0x00000000c1c00000, 0x0000000100000000)
  region size 1024K, 2 young (2048K), 2 survivors (2048K)
 Metaspace       used 6189K, committed 6400K, reserved 1114112K
  class space    used 710K, committed 768K, reserved 1048576K
}
Event: 33.550 GC heap before
{Heap before GC invocations=2 (full 0):
 garbage-first heap   total 65536K, used 32391K [0x00000000c1c00000, 0x0000000100000000)
  region size 1024K, 22 young (22528K), 2 survivors (2048K)
 Metaspace       used 8974K, committed 9216K, reserved 1114112K
  class space    used 1092K, committed 1216K, reserved 1048576K
}
Event: 33.593 GC heap after
{Heap after GC invocations=3 (full 0):
 garbage-first heap   total 65536K, used 17977K [0x00000000c1c00000, 0x0000000100000000)
  region size 1024K, 3 young (3072K), 3 survivors (3072K)
 Metaspace       used 8974K, committed 9216K, reserved 1114112K
  class space    used 1092K, committed 1216K, reserved 1048576K
}
Event: 36.339 GC heap before
{Heap before GC invocations=3 (full 0):
 garbage-first heap   total 65536K, used 38457K [0x00000000c1c00000, 0x0000000100000000)
  region size 1024K, 24 young (24576K), 3 survivors (3072K)
 Metaspace       used 14110K, committed 14336K, reserved 1114112K
  class space    used 1684K, committed 1792K, reserved 1048576K
}
Event: 36.353 GC heap after
{Heap after GC invocations=4 (full 0):
 garbage-first heap   total 65536K, used 20753K [0x00000000c1c00000, 0x0000000100000000)
  region size 1024K, 3 young (3072K), 3 survivors (3072K)
 Metaspace       used 14110K, committed 14336K, reserved 1114112K
  class space    used 1684K, committed 1792K, reserved 1048576K
}
Event: 37.769 GC heap before
{Heap before GC invocations=4 (full 0):
 garbage-first heap   total 65536K, used 41233K [0x00000000c1c00000, 0x0000000100000000)
  region size 1024K, 23 young (23552K), 3 survivors (3072K)
 Metaspace       used 15711K, committed 15936K, reserved 1114112K
  class space    used 1867K, committed 1984K, reserved 1048576K
}
Event: 37.798 GC heap after
{Heap after GC invocations=5 (full 0):
 garbage-first heap   total 65536K, used 25588K [0x00000000c1c00000, 0x0000000100000000)
  region size 1024K, 3 young (3072K), 3 survivors (3072K)
 Metaspace       used 15711K, committed 15936K, reserved 1114112K
  class space    used 1867K, committed 1984K, reserved 1048576K
}

